<?xml version="1.0" encoding="UTF-8"?>
<robot generator="Robot 5.0 (Python 3.10.4 on win32)" generated="20220412 20:24:14.600" rpa="false" schemaversion="3">
<suite id="s1" name="Login Form" source="E:\projetos\qaninja\robot\web\tests\login_form.robot">
<test id="s1-t1" name="login com sucesso" line="8">
<kw name="Nova Sessão" library="base" type="SETUP">
<kw name="Open Browser" library="SeleniumLibrary">
<arg>${url}</arg>
<arg>chrome</arg>
<doc>Opens a new browser instance to the optional ``url``.</doc>
<msg timestamp="20220412 20:24:15.027" level="INFO">Opening browser 'chrome' to base url 'https://training-wheels-protocol.herokuapp.com/'.</msg>
<status status="PASS" starttime="20220412 20:24:15.027" endtime="20220412 20:24:20.226"/>
</kw>
<status status="PASS" starttime="20220412 20:24:15.026" endtime="20220412 20:24:20.226"/>
</kw>
<kw name="Go To" library="SeleniumLibrary">
<arg>${url}login</arg>
<doc>Navigates the current browser window to the provided ``url``.</doc>
<msg timestamp="20220412 20:24:20.228" level="INFO">Opening url 'https://training-wheels-protocol.herokuapp.com/login'</msg>
<status status="PASS" starttime="20220412 20:24:20.228" endtime="20220412 20:24:20.919"/>
</kw>
<kw name="Login With">
<arg>stark</arg>
<arg>jarvis!</arg>
<kw name="Input Text" library="SeleniumLibrary">
<arg>css:input[name=username]</arg>
<arg>${username}</arg>
<doc>Types the given ``text`` into the text field identified by ``locator``.</doc>
<msg timestamp="20220412 20:24:20.927" level="INFO">Typing text 'stark' into text field 'css:input[name=username]'.</msg>
<status status="PASS" starttime="20220412 20:24:20.927" endtime="20220412 20:24:21.153"/>
</kw>
<kw name="Input Text" library="SeleniumLibrary">
<arg>css:input[name=password]</arg>
<arg>${password}</arg>
<doc>Types the given ``text`` into the text field identified by ``locator``.</doc>
<msg timestamp="20220412 20:24:21.154" level="INFO">Typing text 'jarvis!' into text field 'css:input[name=password]'.</msg>
<status status="PASS" starttime="20220412 20:24:21.154" endtime="20220412 20:24:21.317"/>
</kw>
<kw name="Click Element" library="SeleniumLibrary">
<arg>class:btn-login</arg>
<doc>Click the element identified by ``locator``.</doc>
<msg timestamp="20220412 20:24:21.318" level="INFO">Clicking element 'class:btn-login'.</msg>
<status status="PASS" starttime="20220412 20:24:21.318" endtime="20220412 20:24:22.200"/>
</kw>
<status status="PASS" starttime="20220412 20:24:20.926" endtime="20220412 20:24:22.201"/>
</kw>
<kw name="Should See Logged User">
<arg>Tony Stark</arg>
<kw name="Page Should Contain" library="SeleniumLibrary">
<arg>Olá, ${full_name}. Você acessou a área logada!</arg>
<doc>Verifies that current page contains ``text``.</doc>
<msg timestamp="20220412 20:24:22.236" level="INFO">Current page contains text 'Olá, Tony Stark. Você acessou a área logada!'.</msg>
<status status="PASS" starttime="20220412 20:24:22.202" endtime="20220412 20:24:22.236"/>
</kw>
<status status="PASS" starttime="20220412 20:24:22.202" endtime="20220412 20:24:22.236"/>
</kw>
<kw name="Encerra Sessão" library="base" type="TEARDOWN">
<kw name="Capture Page Screenshot" library="SeleniumLibrary">
<doc>Takes a screenshot of the current page and embeds it into a log file.</doc>
<msg timestamp="20220412 20:24:22.528" level="INFO" html="true">&lt;/td&gt;&lt;/tr&gt;&lt;tr&gt;&lt;td colspan="3"&gt;&lt;a href="selenium-screenshot-28.png"&gt;&lt;img src="selenium-screenshot-28.png" width="800px"&gt;&lt;/a&gt;</msg>
<status status="PASS" starttime="20220412 20:24:22.239" endtime="20220412 20:24:22.528"/>
</kw>
<kw name="Close Browser" library="SeleniumLibrary">
<doc>Closes the current browser.</doc>
<status status="PASS" starttime="20220412 20:24:22.528" endtime="20220412 20:24:25.157"/>
</kw>
<status status="PASS" starttime="20220412 20:24:22.238" endtime="20220412 20:24:25.157"/>
</kw>
<status status="PASS" starttime="20220412 20:24:15.025" endtime="20220412 20:24:25.158"/>
</test>
<test id="s1-t2" name="Senha inválida com uma validação melhor" line="14">
<kw name="Nova Sessão" library="base" type="SETUP">
<kw name="Open Browser" library="SeleniumLibrary">
<arg>${url}</arg>
<arg>chrome</arg>
<doc>Opens a new browser instance to the optional ``url``.</doc>
<msg timestamp="20220412 20:24:25.162" level="INFO">Opening browser 'chrome' to base url 'https://training-wheels-protocol.herokuapp.com/'.</msg>
<status status="PASS" starttime="20220412 20:24:25.162" endtime="20220412 20:24:30.503"/>
</kw>
<status status="PASS" starttime="20220412 20:24:25.161" endtime="20220412 20:24:30.503"/>
</kw>
<kw name="Go To" library="SeleniumLibrary">
<arg>${url}login</arg>
<doc>Navigates the current browser window to the provided ``url``.</doc>
<msg timestamp="20220412 20:24:30.509" level="INFO">Opening url 'https://training-wheels-protocol.herokuapp.com/login'</msg>
<status status="PASS" starttime="20220412 20:24:30.508" endtime="20220412 20:24:31.251"/>
</kw>
<kw name="Login With">
<arg>stark</arg>
<arg>abc123</arg>
<kw name="Input Text" library="SeleniumLibrary">
<arg>css:input[name=username]</arg>
<arg>${username}</arg>
<doc>Types the given ``text`` into the text field identified by ``locator``.</doc>
<msg timestamp="20220412 20:24:31.254" level="INFO">Typing text 'stark' into text field 'css:input[name=username]'.</msg>
<status status="PASS" starttime="20220412 20:24:31.253" endtime="20220412 20:24:31.437"/>
</kw>
<kw name="Input Text" library="SeleniumLibrary">
<arg>css:input[name=password]</arg>
<arg>${password}</arg>
<doc>Types the given ``text`` into the text field identified by ``locator``.</doc>
<msg timestamp="20220412 20:24:31.439" level="INFO">Typing text 'abc123' into text field 'css:input[name=password]'.</msg>
<status status="PASS" starttime="20220412 20:24:31.438" endtime="20220412 20:24:31.591"/>
</kw>
<kw name="Click Element" library="SeleniumLibrary">
<arg>class:btn-login</arg>
<doc>Click the element identified by ``locator``.</doc>
<msg timestamp="20220412 20:24:31.592" level="INFO">Clicking element 'class:btn-login'.</msg>
<status status="PASS" starttime="20220412 20:24:31.591" endtime="20220412 20:24:32.274"/>
</kw>
<status status="PASS" starttime="20220412 20:24:31.252" endtime="20220412 20:24:32.274"/>
</kw>
<kw name="Should Contain Login Alert">
<arg>Senha é invalida!</arg>
<kw name="Get WebElement" library="SeleniumLibrary">
<var>${message}</var>
<arg>id:flash</arg>
<doc>Returns the first WebElement matching the given ``locator``.</doc>
<msg timestamp="20220412 20:24:32.309" level="INFO">${message} = &lt;selenium.webdriver.remote.webelement.WebElement (session="76e07cbb966480820ae65259c453eb93", element="ca35c8e2-63db-40c9-a178-f938e29d91c4")&gt;</msg>
<status status="PASS" starttime="20220412 20:24:32.279" endtime="20220412 20:24:32.310"/>
</kw>
<kw name="Should Contain" library="BuiltIn">
<arg>${message.text}</arg>
<arg>${expect_message}</arg>
<doc>Fails if ``container`` does not contain ``item`` one or more times.</doc>
<status status="PASS" starttime="20220412 20:24:32.310" endtime="20220412 20:24:32.355"/>
</kw>
<status status="PASS" starttime="20220412 20:24:32.278" endtime="20220412 20:24:32.355"/>
</kw>
<kw name="Encerra Sessão" library="base" type="TEARDOWN">
<kw name="Capture Page Screenshot" library="SeleniumLibrary">
<doc>Takes a screenshot of the current page and embeds it into a log file.</doc>
<msg timestamp="20220412 20:24:32.640" level="INFO" html="true">&lt;/td&gt;&lt;/tr&gt;&lt;tr&gt;&lt;td colspan="3"&gt;&lt;a href="selenium-screenshot-29.png"&gt;&lt;img src="selenium-screenshot-29.png" width="800px"&gt;&lt;/a&gt;</msg>
<status status="PASS" starttime="20220412 20:24:32.359" endtime="20220412 20:24:32.640"/>
</kw>
<kw name="Close Browser" library="SeleniumLibrary">
<doc>Closes the current browser.</doc>
<status status="PASS" starttime="20220412 20:24:32.640" endtime="20220412 20:24:35.471"/>
</kw>
<status status="PASS" starttime="20220412 20:24:32.358" endtime="20220412 20:24:35.471"/>
</kw>
<tag>login_error</tag>
<status status="PASS" starttime="20220412 20:24:25.160" endtime="20220412 20:24:35.474"/>
</test>
<test id="s1-t3" name="Usuário não existe" line="21">
<kw name="Nova Sessão" library="base" type="SETUP">
<kw name="Open Browser" library="SeleniumLibrary">
<arg>${url}</arg>
<arg>chrome</arg>
<doc>Opens a new browser instance to the optional ``url``.</doc>
<msg timestamp="20220412 20:24:35.479" level="INFO">Opening browser 'chrome' to base url 'https://training-wheels-protocol.herokuapp.com/'.</msg>
<status status="PASS" starttime="20220412 20:24:35.478" endtime="20220412 20:24:40.468"/>
</kw>
<status status="PASS" starttime="20220412 20:24:35.478" endtime="20220412 20:24:40.468"/>
</kw>
<kw name="Go To" library="SeleniumLibrary">
<arg>${url}login</arg>
<doc>Navigates the current browser window to the provided ``url``.</doc>
<msg timestamp="20220412 20:24:40.471" level="INFO">Opening url 'https://training-wheels-protocol.herokuapp.com/login'</msg>
<status status="PASS" starttime="20220412 20:24:40.470" endtime="20220412 20:24:41.029"/>
</kw>
<kw name="Login With">
<arg>rhom09</arg>
<arg>acd345</arg>
<kw name="Input Text" library="SeleniumLibrary">
<arg>css:input[name=username]</arg>
<arg>${username}</arg>
<doc>Types the given ``text`` into the text field identified by ``locator``.</doc>
<msg timestamp="20220412 20:24:41.032" level="INFO">Typing text 'rhom09' into text field 'css:input[name=username]'.</msg>
<status status="PASS" starttime="20220412 20:24:41.032" endtime="20220412 20:24:41.228"/>
</kw>
<kw name="Input Text" library="SeleniumLibrary">
<arg>css:input[name=password]</arg>
<arg>${password}</arg>
<doc>Types the given ``text`` into the text field identified by ``locator``.</doc>
<msg timestamp="20220412 20:24:41.229" level="INFO">Typing text 'acd345' into text field 'css:input[name=password]'.</msg>
<status status="PASS" starttime="20220412 20:24:41.228" endtime="20220412 20:24:41.386"/>
</kw>
<kw name="Click Element" library="SeleniumLibrary">
<arg>class:btn-login</arg>
<doc>Click the element identified by ``locator``.</doc>
<msg timestamp="20220412 20:24:41.386" level="INFO">Clicking element 'class:btn-login'.</msg>
<status status="PASS" starttime="20220412 20:24:41.386" endtime="20220412 20:24:42.287"/>
</kw>
<status status="PASS" starttime="20220412 20:24:41.031" endtime="20220412 20:24:42.287"/>
</kw>
<kw name="Should Contain Login Alert">
<arg>O usuário informado não está cadastrado!</arg>
<kw name="Get WebElement" library="SeleniumLibrary">
<var>${message}</var>
<arg>id:flash</arg>
<doc>Returns the first WebElement matching the given ``locator``.</doc>
<msg timestamp="20220412 20:24:42.316" level="INFO">${message} = &lt;selenium.webdriver.remote.webelement.WebElement (session="b193b4dbdec20d1a77a955f2058ac539", element="fe34a113-2384-453d-bc08-cfc47f3d498c")&gt;</msg>
<status status="PASS" starttime="20220412 20:24:42.296" endtime="20220412 20:24:42.316"/>
</kw>
<kw name="Should Contain" library="BuiltIn">
<arg>${message.text}</arg>
<arg>${expect_message}</arg>
<doc>Fails if ``container`` does not contain ``item`` one or more times.</doc>
<status status="PASS" starttime="20220412 20:24:42.316" endtime="20220412 20:24:42.342"/>
</kw>
<status status="PASS" starttime="20220412 20:24:42.295" endtime="20220412 20:24:42.343"/>
</kw>
<kw name="Encerra Sessão" library="base" type="TEARDOWN">
<kw name="Capture Page Screenshot" library="SeleniumLibrary">
<doc>Takes a screenshot of the current page and embeds it into a log file.</doc>
<msg timestamp="20220412 20:24:42.658" level="INFO" html="true">&lt;/td&gt;&lt;/tr&gt;&lt;tr&gt;&lt;td colspan="3"&gt;&lt;a href="selenium-screenshot-30.png"&gt;&lt;img src="selenium-screenshot-30.png" width="800px"&gt;&lt;/a&gt;</msg>
<status status="PASS" starttime="20220412 20:24:42.348" endtime="20220412 20:24:42.658"/>
</kw>
<kw name="Close Browser" library="SeleniumLibrary">
<doc>Closes the current browser.</doc>
<status status="PASS" starttime="20220412 20:24:42.659" endtime="20220412 20:24:45.079"/>
</kw>
<status status="PASS" starttime="20220412 20:24:42.348" endtime="20220412 20:24:45.080"/>
</kw>
<tag>login_user404</tag>
<status status="PASS" starttime="20220412 20:24:35.477" endtime="20220412 20:24:45.080"/>
</test>
<status status="PASS" starttime="20220412 20:24:14.604" endtime="20220412 20:24:45.082"/>
</suite>
<statistics>
<total>
<stat pass="3" fail="0" skip="0">All Tests</stat>
</total>
<tag>
<stat pass="1" fail="0" skip="0">login_error</stat>
<stat pass="1" fail="0" skip="0">login_user404</stat>
</tag>
<suite>
<stat pass="3" fail="0" skip="0" id="s1" name="Login Form">Login Form</stat>
</suite>
</statistics>
<errors>
</errors>
</robot>
